<?xml version="1.0" encoding="UTF-8"?>
<!-- Generated by org.testng.reporters.JUnitReportReporter -->
<testsuite hostname="Ray-Tracer" failures="0" tests="2" name="selenium.adv.test.Login" time="0.476" errors="0" timestamp="2022-08-03T12:30:10 EDT" skipped="0">
  <testcase classname="selenium.adv.test.Login" name="test3" time="0.010"/>
  <system-out/>
  <testcase classname="selenium.adv.test.Login" name="f" time="0.466"/>
  <system-out/>
</testsuite> <!-- selenium.adv.test.Login -->
